10
/mnt/storage/Entertainment/Music/Cafe de Touhou/2020.03.22 眠りのピアノ 花 [例大祭17]/(01) [中山範一] カルダモン.flac
/mnt/storage/Entertainment/Music/Cafe de Touhou/2020.03.22 眠りのピアノ 花 [例大祭17]/(02) [Tansa] クローブ.flac
/mnt/storage/Entertainment/Music/Cafe de Touhou/2020.03.22 眠りのピアノ 花 [例大祭17]/(03) [sa-sara] タイム.flac
/mnt/storage/Entertainment/Music/Cafe de Touhou/2020.03.22 眠りのピアノ 花 [例大祭17]/(04) [丸ノ内ノイ] レモングラス.flac
/mnt/storage/Entertainment/Music/Cafe de Touhou/2020.03.22 眠りのピアノ 花 [例大祭17]/(05) [千月良] エルダーフラワー.flac
/mnt/storage/Entertainment/Music/Cafe de Touhou/2020.03.22 眠りのピアノ 花 [例大祭17]/(06) [Akiko Akiyama] マレイン.flac
/mnt/storage/Entertainment/Music/Cafe de Touhou/2020.03.22 眠りのピアノ 花 [例大祭17]/(07) [Fantasie] ブルーベリー.flac
/mnt/storage/Entertainment/Music/Cafe de Touhou/2020.03.22 眠りのピアノ 花 [例大祭17]/(08) [ふらばた] アシュワガンダ.flac
/mnt/storage/Entertainment/Music/Cafe de Touhou/2020.03.22 眠りのピアノ 花 [例大祭17]/(09) [山口隆博] サフラン.flac
/mnt/storage/Entertainment/Music/Cafe de Touhou/2020.03.22 眠りのピアノ 花 [例大祭17]/(10) [いとっち] シャタバリ.flac
/mnt/storage/Entertainment/Music/Cafe de Touhou/2020.03.22 眠りのピアノ 花 [例大祭17]/(11) [スバル] アロエ.flac
/mnt/storage/Entertainment/Music/Cafe de Touhou/2020.03.22 眠りのピアノ 花 [例大祭17]/(12) [ダニエル・シュースター] ジャスミン.flac
/mnt/storage/Entertainment/Music/Cafe de Touhou/2020.03.22 眠りのピアノ 花 [例大祭17]/(13) [青木しんたろう] ラズベリー.flac
/mnt/storage/Entertainment/Music/Cafe de Touhou/2020.03.22 眠りのピアノ 花 [例大祭17]/(14) [MATSU] オレンジピール.flac
/mnt/storage/Entertainment/Music/Cafe de Touhou/2020.03.22 眠りのピアノ 花 [例大祭17]/(15) [庄野剛史] キャロブ.flac
/mnt/storage/Entertainment/Music/Cafe de Touhou/2020.03.22 眠りのピアノ 花 [例大祭17]/(16) [miseart] バレリアン.flac
/mnt/storage/Entertainment/Music/Cafe de Touhou/2020.03.22 眠りのピアノ 花 [例大祭17]/(17) [Yoshihiro Hara] エキナセア.flac
/mnt/storage/Entertainment/Music/Cafe de Touhou/2020.03.22 眠りのピアノ 花 [例大祭17]/(18) [Chiaki] アメリカンジンセン.flac
/mnt/storage/Entertainment/Music/Cafe de Touhou/2020.03.22 眠りのピアノ 花 [例大祭17]/(19) [いまたく] チコリ.flac
/mnt/storage/Entertainment/Music/Cafe de Touhou/2020.03.22 眠りのピアノ 花 [例大祭17]/(20) [MitamaSORA] マルベリー.flac
/mnt/storage/Entertainment/Music/Cafe de Touhou/2020.03.22 眠りのピアノ 花 [例大祭17]/(21) [カミデタカシ] アグリモニー.flac
